  asm01.c
D:\Workspace\ASM\learningASM\learningASM\asm01.c(5,2): error C4235: nonstandard extension used: '__asm' keyword not supported on this architecture
D:\Workspace\ASM\learningASM\learningASM\asm01.c(7,7): error C2065: 'mov': undeclared identifier
D:\Workspace\ASM\learningASM\learningASM\asm01.c(7,7): error C2146: syntax error: missing ';' before identifier 'eax'
D:\Workspace\ASM\learningASM\learningASM\asm01.c(7,10): error C2065: 'eax': undeclared identifier
D:\Workspace\ASM\learningASM\learningASM\asm01.c(8,3): error C2146: syntax error: missing ';' before identifier 'push'
D:\Workspace\ASM\learningASM\learningASM\asm01.c(8,8): error C2065: 'push': undeclared identifier
D:\Workspace\ASM\learningASM\learningASM\asm01.c(8,8): error C2146: syntax error: missing ';' before identifier 'eax'
D:\Workspace\ASM\learningASM\learningASM\asm01.c(9,3): error C2065: 'eax': undeclared identifier
D:\Workspace\ASM\learningASM\learningASM\asm01.c(9,3): error C2146: syntax error: missing ';' before identifier 'mov'
D:\Workspace\ASM\learningASM\learningASM\asm01.c(9,7): error C2065: 'mov': undeclared identifier
D:\Workspace\ASM\learningASM\learningASM\asm01.c(9,7): error C2146: syntax error: missing ';' before identifier 'ebx'
D:\Workspace\ASM\learningASM\learningASM\asm01.c(9,10): error C2065: 'ebx': undeclared identifier
D:\Workspace\ASM\learningASM\learningASM\asm01.c(10,3): error C2065: 'eax': undeclared identifier
D:\Workspace\ASM\learningASM\learningASM\asm01.c(10,3): error C2146: syntax error: missing ';' before identifier 'neg'
D:\Workspace\ASM\learningASM\learningASM\asm01.c(10,7): error C2065: 'neg': undeclared identifier
D:\Workspace\ASM\learningASM\learningASM\asm01.c(10,7): error C2146: syntax error: missing ';' before identifier 'eax'
D:\Workspace\ASM\learningASM\learningASM\asm01.c(11,3): error C2065: 'eax': undeclared identifier
D:\Workspace\ASM\learningASM\learningASM\asm01.c(11,3): error C2146: syntax error: missing ';' before identifier 'not'
D:\Workspace\ASM\learningASM\learningASM\asm01.c(11,7): error C2065: 'not': undeclared identifier
D:\Workspace\ASM\learningASM\learningASM\asm01.c(11,7): error C2146: syntax error: missing ';' before identifier 'ebx'
D:\Workspace\ASM\learningASM\learningASM\asm01.c(12,3): error C2065: 'ebx': undeclared identifier
D:\Workspace\ASM\learningASM\learningASM\asm01.c(12,3): error C2146: syntax error: missing ';' before identifier 'sub'
D:\Workspace\ASM\learningASM\learningASM\asm01.c(12,7): error C2065: 'sub': undeclared identifier
D:\Workspace\ASM\learningASM\learningASM\asm01.c(12,7): error C2146: syntax error: missing ';' before identifier 'eax'
D:\Workspace\ASM\learningASM\learningASM\asm01.c(12,10): error C2065: 'eax': undeclared identifier
D:\Workspace\ASM\learningASM\learningASM\asm01.c(13,3): error C2065: 'ebx': undeclared identifier
D:\Workspace\ASM\learningASM\learningASM\asm01.c(13,3): error C2146: syntax error: missing ';' before identifier 'pop'
D:\Workspace\ASM\learningASM\learningASM\asm01.c(13,7): error C2065: 'pop': undeclared identifier
D:\Workspace\ASM\learningASM\learningASM\asm01.c(13,7): error C2146: syntax error: missing ';' before identifier 'ebx'
D:\Workspace\ASM\learningASM\learningASM\asm01.c(14,3): error C2065: 'ebx': undeclared identifier
D:\Workspace\ASM\learningASM\learningASM\asm01.c(14,3): error C2146: syntax error: missing ';' before identifier 'add'
D:\Workspace\ASM\learningASM\learningASM\asm01.c(14,7): error C2065: 'add': undeclared identifier
D:\Workspace\ASM\learningASM\learningASM\asm01.c(14,7): error C2146: syntax error: missing ';' before identifier 'eax'
D:\Workspace\ASM\learningASM\learningASM\asm01.c(14,10): error C2065: 'eax': undeclared identifier
D:\Workspace\ASM\learningASM\learningASM\asm01.c(15,3): error C2065: 'ebx': undeclared identifier
D:\Workspace\ASM\learningASM\learningASM\asm01.c(15,3): error C2146: syntax error: missing ';' before identifier 'mov'
D:\Workspace\ASM\learningASM\learningASM\asm01.c(15,7): error C2065: 'mov': undeclared identifier
D:\Workspace\ASM\learningASM\learningASM\asm01.c(15,7): error C2146: syntax error: missing ';' before identifier 'c'
D:\Workspace\ASM\learningASM\learningASM\asm01.c(16,2): error C2065: 'eax': undeclared identifier
D:\Workspace\ASM\learningASM\learningASM\asm01.c(16,2): error C2143: syntax error: missing ';' before '}'
